2025/12/26 14:43:32 PostgreSQL connection pool tuned: MaxOpenConns=64 (4×16 CPU cores), idle_timeout=2m, lifetime=5m
2025/12/26 14:43:32 Using database driver: pgx with DSN: postgres://postgres:@127.0.0.1:5432/safecast?sslmode=prefer
2025/12/26 14:43:32 realtime poller start: url=https://tt.safecast.org/devices interval=5m0s
2025/12/26 14:43:32 [safecast-fetcher] start: interval=5m0s batch=10 start_date=2025-12-23
2025/12/26 14:43:32 safecast API fetcher enabled: interval=5m0s batch=10 start_date=2025-12-23
2025/12/26 14:43:32 json archive disabled: set -json-archive-path to enable tarball generation
2025/12/26 14:43:32 ⏳ background index build scheduled (engine=pgx). Listeners are up; pages may be slower until indexes are ready.
2025/12/26 14:43:32 ⏳ background index build scheduled (engine=pgx). Listeners are up; pages may be slower until indexes are ready.
2025/12/26 14:43:32 HTTP server ➜ http://localhost:8765
2025/12/26 14:43:32 [safecast-fetcher] poll: checking for imports after ID 69849
2025/12/26 14:43:33 [safecast-fetcher] page 1: fetched 3 imports (IDs 69849-69847)
2025/12/26 14:43:33 [safecast-fetcher] page 1: found 0 new imports (> 69849)
2025/12/26 14:43:33 [safecast-fetcher] page 2: no results, stopping
2025/12/26 14:43:33 [safecast-fetcher] poll: found 0 new approved imports
2025/12/26 14:43:37 realtime fetch: devices 1500
2025/12/26 14:43:37 realtime sample: id=geigiecast:61099 name="" lat=22.318070 lon=114.157710 val=53.000000 unit=lnd_7318u
2025/12/26 14:43:37 realtime poll: devices 114 stored 357 next=5m0s
2025/12/26 14:43:37 realtime summary: ??:1 avg=0.11 Canada (CA):3 avg=0.08 Georgia (GE):1 avg=0.10 Germany (DE):1 avg=0.10 Japan (JP):30 avg=0.21 Switzerland (CH):1 avg=0.12 Taiwan (TW):2 avg=0.13 Ukraine (UA):54 avg=0.19 United States of America (US):21 avg=0.10 added=114 removed=0
2025/12/26 14:44:17 ❌ track registry backfill failed: backfill tracks: timeout: context deadline exceeded
2025/12/26 14:44:17 ▶️  start index idx_markers_zoom_bounds
2025/12/26 14:44:17 ✅ index idx_markers_zoom_bounds ready in 0s
2025/12/26 14:44:17 ▶️  start index idx_markers_trackid_zoom_bounds
2025/12/26 14:44:17 ✅ index idx_markers_trackid_zoom_bounds ready in 0s
2025/12/26 14:44:17 ▶️  start index idx_markers_zoom_bounds_speed
2025/12/26 14:44:17 ✅ index idx_markers_zoom_bounds_speed ready in 0s
2025/12/26 14:44:17 ▶️  start index idx_markers_identity_probe
2025/12/26 14:44:17 ✅ index idx_markers_identity_probe ready in 0s
2025/12/26 14:44:17 ▶️  start index idx_markers_trackid
2025/12/26 14:44:17 ✅ index idx_markers_trackid ready in 0s
2025/12/26 14:44:17 ▶️  start index idx_markers_date_trackid
2025/12/26 14:44:17 ✅ index idx_markers_date_trackid ready in 0s
2025/12/26 14:44:17 ▶️  start index idx_markers_date_trackid_id
2025/12/26 14:44:17 ✅ index idx_markers_date_trackid_id ready in 0s
2025/12/26 14:44:17 ▶️  start index idx_markers_trackid_date
2025/12/26 14:44:17 ✅ index idx_markers_trackid_date ready in 0s
2025/12/26 14:44:17 ▶️  start index idx_markers_trackid_id
2025/12/26 14:44:17 ✅ index idx_markers_trackid_id ready in 0s
2025/12/26 14:44:17 ▶️  start index idx_markers_date
2025/12/26 14:44:17 ✅ index idx_markers_date ready in 0s
2025/12/26 14:44:17 ▶️  start index idx_markers_zoom_date
2025/12/26 14:44:17 ✅ index idx_markers_zoom_date ready in 0s
2025/12/26 14:44:17 ▶️  start index idx_markers_speed
2025/12/26 14:44:17 ✅ index idx_markers_speed ready in 0s
2025/12/26 14:44:17 ▶️  start index idx_tracks_trackid
2025/12/26 14:44:17 ✅ index idx_tracks_trackid ready in 0s
2025/12/26 14:44:17 ▶️  start index idx_realtime_device_fetched
2025/12/26 14:44:17 ✅ index idx_realtime_device_fetched ready in 0s
2025/12/26 14:44:17 ▶️  start index idx_realtime_device_fetched_desc
2025/12/26 14:44:17 ✅ index idx_realtime_device_fetched_desc ready in 0s
2025/12/26 14:44:17 ▶️  start index idx_realtime_bounds
2025/12/26 14:44:17 ✅ index idx_realtime_bounds ready in 0s
2025/12/26 14:48:32 [safecast-fetcher] poll: checking for imports after ID 69849
2025/12/26 14:48:33 [safecast-fetcher] page 1: fetched 3 imports (IDs 69849-69847)
2025/12/26 14:48:33 [safecast-fetcher] page 1: found 0 new imports (> 69849)
2025/12/26 14:48:33 [safecast-fetcher] page 2: no results, stopping
2025/12/26 14:48:33 [safecast-fetcher] poll: found 0 new approved imports
2025/12/26 14:48:38 realtime fetch: devices 1500
2025/12/26 14:48:38 realtime sample: id=geigiecast:61099 name="" lat=22.318070 lon=114.157710 val=53.000000 unit=lnd_7318u
2025/12/26 14:48:38 realtime poll: devices 114 stored 357 next=5m0s
2025/12/26 14:48:38 realtime summary: ??:1 avg=0.11 Canada (CA):3 avg=0.07 Georgia (GE):1 avg=0.10 Germany (DE):1 avg=0.10 Japan (JP):30 avg=0.20 Switzerland (CH):1 avg=0.12 Taiwan (TW):2 avg=0.13 Ukraine (UA):54 avg=0.19 United States of America (US):21 avg=0.10 added=0 removed=0
2025/12/26 14:53:32 [safecast-fetcher] poll: checking for imports after ID 69849
2025/12/26 14:53:33 [safecast-fetcher] page 1: fetched 3 imports (IDs 69849-69847)
2025/12/26 14:53:33 [safecast-fetcher] page 1: found 0 new imports (> 69849)
2025/12/26 14:53:33 [safecast-fetcher] page 2: no results, stopping
2025/12/26 14:53:33 [safecast-fetcher] poll: found 0 new approved imports
2025/12/26 14:53:37 realtime fetch: devices 1500
2025/12/26 14:53:37 realtime sample: id=geigiecast:61099 name="" lat=22.318070 lon=114.157710 val=53.000000 unit=lnd_7318u
2025/12/26 14:53:38 realtime poll: devices 114 stored 357 next=5m0s
2025/12/26 14:53:38 realtime summary: ??:1 avg=0.11 Canada (CA):3 avg=0.09 Georgia (GE):1 avg=0.10 Germany (DE):1 avg=0.11 Japan (JP):30 avg=0.21 Switzerland (CH):1 avg=0.12 Taiwan (TW):2 avg=0.13 Ukraine (UA):54 avg=0.19 United States of America (US):21 avg=0.10 added=0 removed=0
2025/12/26 14:58:19 Multi-track page rendered for: 61u9Qo,61uDDn,66w621,66w6vx,6ATdIx,6ATYzm,6ATZJ1,6ATcbe,6ATch9,6ATYKd,6Pbkin,6GWFG4,6GWF6x,6GfLIk,6GfLSp,6GfMan,6GmgQY,6Gmhl8,6Go7eQ,6Gvz72,6H1axP,6ReLnz,6RmQfk,6RvzZo,6S0C75,6S7KRw,6S8DNE,6S8DZe,6S8DvU,6S8GDO
2025/12/26 14:58:19 realtime markers: 114 lat[-90.000000,90.000000] lon[-180.000000,180.000000]
2025/12/26 14:58:20 realtime markers: 114 lat[-90.000000,90.000000] lon[-180.000000,180.000000]
2025/12/26 14:58:22 realtime markers: 114 lat[-90.000000,90.000000] lon[-180.000000,180.000000]
2025/12/26 14:58:23 realtime markers: 114 lat[-90.000000,90.000000] lon[-180.000000,180.000000]
2025/12/26 14:58:24 realtime markers: 114 lat[-90.000000,90.000000] lon[-180.000000,180.000000]
2025/12/26 14:58:25 realtime markers: 114 lat[-90.000000,90.000000] lon[-180.000000,180.000000]
2025/12/26 14:58:32 Error querying bounds for track 6ATYzm: context canceled
2025/12/26 14:58:32 Error querying bounds for track 6ATZJ1: context canceled
2025/12/26 14:58:32 Error querying bounds for track 6ATcbe: context canceled
2025/12/26 14:58:32 Error querying bounds for track 6ATch9: context canceled
2025/12/26 14:58:32 Error querying bounds for track 6ATYKd: context canceled
2025/12/26 14:58:32 Error querying bounds for track 6Pbkin: context canceled
2025/12/26 14:58:32 Error querying bounds for track 6GWFG4: context canceled
2025/12/26 14:58:32 Error querying bounds for track 6GWF6x: context canceled
2025/12/26 14:58:32 Error querying bounds for track 6GfLIk: context canceled
2025/12/26 14:58:32 Error querying bounds for track 6GfLSp: context canceled
2025/12/26 14:58:32 Error querying bounds for track 6GfMan: context canceled
2025/12/26 14:58:32 Error querying bounds for track 6GmgQY: context canceled
2025/12/26 14:58:32 Error querying bounds for track 6Gmhl8: context canceled
2025/12/26 14:58:32 Error querying bounds for track 6Go7eQ: context canceled
2025/12/26 14:58:32 Error querying bounds for track 6Gvz72: context canceled
2025/12/26 14:58:32 Error querying bounds for track 6H1axP: context canceled
2025/12/26 14:58:32 Error querying bounds for track 6ReLnz: context canceled
2025/12/26 14:58:32 Error querying bounds for track 6RmQfk: context canceled
2025/12/26 14:58:32 Error querying bounds for track 6RvzZo: context canceled
2025/12/26 14:58:32 Error querying bounds for track 6S0C75: context canceled
2025/12/26 14:58:32 Error querying bounds for track 6S7KRw: context canceled
2025/12/26 14:58:32 Error querying bounds for track 6S8DNE: context canceled
2025/12/26 14:58:32 Error querying bounds for track 6S8DZe: context canceled
2025/12/26 14:58:32 Error querying bounds for track 6S8DvU: context canceled
2025/12/26 14:58:32 Error querying bounds for track 6S8GDO: context canceled
2025/12/26 14:58:32 [safecast-fetcher] poll: checking for imports after ID 69849
2025/12/26 14:58:33 [safecast-fetcher] page 1: fetched 3 imports (IDs 69849-69847)
2025/12/26 14:58:33 [safecast-fetcher] page 1: found 0 new imports (> 69849)
2025/12/26 14:58:33 [safecast-fetcher] page 2: no results, stopping
2025/12/26 14:58:33 [safecast-fetcher] poll: found 0 new approved imports
